# JRE version: OpenJDK Runtime Environment Temurin-17.0.10+7 (17.0.10+7) (build 17.0.10+7)
# Java VM: OpenJDK 64-Bit Server VM Temurin-17.0.10+7 (17.0.10+7, mixed mode, tiered, compressed oops, compressed class ptrs, g1 gc, windows-amd64)
GC Precious Log:
 CPUs: 12 total, 12 available
 Memory: 16145M
 Large Page Support: Disabled
 NUMA Support: Disabled
 Compressed Oops: Enabled (Zero based)
 Heap Region Size: 2M
 Heap Min Capacity: 8M
 Heap Initial Capacity: 254M
 Heap Max Capacity: 4038M
 Pre-touch: Disabled
 Parallel Workers: 10
 Concurrent Workers: 3
 Concurrent Refinement Workers: 10
 Periodic GC: Disabled
Heap:
 garbage-first heap   total 151552K, used 95291K [0x0000000703a00000, 0x0000000800000000)
  region size 2048K, 41 young (83968K), 1 survivors (2048K)
 Metaspace       used 55233K, committed 55616K, reserved 1114112K
  class space    used 7238K, committed 7424K, reserved 1048576K
GC Heap History (20 events):
Event: 1.709 GC heap before
{Heap before GC invocations=0 (full 0):
 garbage-first heap   total 260096K, used 22528K [0x0000000703a00000, 0x0000000800000000)
  region size 2048K, 11 young (22528K), 0 survivors (0K)
 Metaspace       used 13144K, committed 13312K, reserved 1114112K
  class space    used 1430K, committed 1472K, reserved 1048576K
}
Event: 1.718 GC heap after
{Heap after GC invocations=1 (full 0):
 garbage-first heap   total 260096K, used 6304K [0x0000000703a00000, 0x0000000800000000)
  region size 2048K, 2 young (4096K), 2 survivors (4096K)
 Metaspace       used 13144K, committed 13312K, reserved 1114112K
  class space    used 1430K, committed 1472K, reserved 1048576K
}
Event: 2.789 GC heap before
{Heap before GC invocations=1 (full 0):
 garbage-first heap   total 260096K, used 28832K [0x0000000703a00000, 0x0000000800000000)
  region size 2048K, 14 young (28672K), 2 survivors (4096K)
 Metaspace       used 20106K, committed 20352K, reserved 1114112K
  class space    used 2316K, committed 2432K, reserved 1048576K
}
Event: 2.798 GC heap after
{Heap after GC invocations=2 (full 0):
 garbage-first heap   total 260096K, used 8071K [0x0000000703a00000, 0x0000000800000000)
  region size 2048K, 1 young (2048K), 1 survivors (2048K)
 Metaspace       used 20106K, committed 20352K, reserved 1114112K
  class space    used 2316K, committed 2432K, reserved 1048576K
}
Event: 2.916 GC heap before
{Heap before GC invocations=2 (full 0):
 garbage-first heap   total 260096K, used 12167K [0x0000000703a00000, 0x0000000800000000)
  region size 2048K, 4 young (8192K), 1 survivors (2048K)
 Metaspace       used 21307K, committed 21504K, reserved 1114112K
  class space    used 2484K, committed 2624K, reserved 1048576K
}
Event: 2.925 GC heap after
{Heap after GC invocations=3 (full 0):
 garbage-first heap   total 260096K, used 8035K [0x0000000703a00000, 0x0000000800000000)
  region size 2048K, 1 young (2048K), 1 survivors (2048K)
 Metaspace       used 21307K, committed 21504K, reserved 1114112K
  class space    used 2484K, committed 2624K, reserved 1048576K
}
Event: 4.761 GC heap before
{Heap before GC invocations=4 (full 0):
 garbage-first heap   total 40960K, used 28515K [0x0000000703a00000, 0x0000000800000000)
  region size 2048K, 12 young (24576K), 1 survivors (2048K)
 Metaspace       used 24078K, committed 24384K, reserved 1114112K
  class space    used 2820K, committed 2944K, reserved 1048576K
}
Event: 4.772 GC heap after
{Heap after GC invocations=5 (full 0):
 garbage-first heap   total 40960K, used 9570K [0x0000000703a00000, 0x0000000800000000)
  region size 2048K, 2 young (4096K), 2 survivors (4096K)
 Metaspace       used 24078K, committed 24384K, reserved 1114112K
  class space    used 2820K, committed 2944K, reserved 1048576K
}
Event: 4.950 GC heap before
{Heap before GC invocations=5 (full 0):
 garbage-first heap   total 40960K, used 9570K [0x0000000703a00000, 0x0000000800000000)
  region size 2048K, 3 young (6144K), 2 survivors (4096K)
 Metaspace       used 24420K, committed 24704K, reserved 1114112K
  class space    used 2861K, committed 3008K, reserved 1048576K
}
Event: 4.967 GC heap after
{Heap after GC invocations=6 (full 0):
 garbage-first heap   total 40960K, used 9825K [0x0000000703a00000, 0x0000000800000000)
  region size 2048K, 1 young (2048K), 1 survivors (2048K)
 Metaspace       used 24420K, committed 24704K, reserved 1114112K
  class space    used 2861K, committed 3008K, reserved 1048576K
}
Event: 6.989 GC heap before
{Heap before GC invocations=6 (full 0):
 garbage-first heap   total 40960K, used 26209K [0x0000000703a00000, 0x0000000800000000)
  region size 2048K, 9 young (18432K), 1 survivors (2048K)
 Metaspace       used 27338K, committed 27648K, reserved 1114112K
  class space    used 3264K, committed 3392K, reserved 1048576K
}
Event: 7.005 GC heap after
{Heap after GC invocations=7 (full 0):
 garbage-first heap   total 40960K, used 10751K [0x0000000703a00000, 0x0000000800000000)
  region size 2048K, 1 young (2048K), 1 survivors (2048K)
 Metaspace       used 27338K, committed 27648K, reserved 1114112K
  class space    used 3264K, committed 3392K, reserved 1048576K
}
Event: 9.271 GC heap before
{Heap before GC invocations=7 (full 0):
 garbage-first heap   total 40960K, used 27135K [0x0000000703a00000, 0x0000000800000000)
  region size 2048K, 9 young (18432K), 1 survivors (2048K)
 Metaspace       used 31121K, committed 31424K, reserved 1114112K
  class space    used 3808K, committed 3968K, reserved 1048576K
}
Event: 9.290 GC heap after
{Heap after GC invocations=8 (full 0):
 garbage-first heap   total 40960K, used 12975K [0x0000000703a00000, 0x0000000800000000)
  region size 2048K, 2 young (4096K), 2 survivors (4096K)
 Metaspace       used 31121K, committed 31424K, reserved 1114112K
  class space    used 3808K, committed 3968K, reserved 1048576K
}
Event: 10.613 GC heap before
{Heap before GC invocations=8 (full 0):
 garbage-first heap   total 40960K, used 27311K [0x0000000703a00000, 0x0000000800000000)
  region size 2048K, 9 young (18432K), 2 survivors (4096K)
 Metaspace       used 33759K, committed 34048K, reserved 1114112K
  class space    used 4094K, committed 4224K, reserved 1048576K
}
Event: 10.629 GC heap after
{Heap after GC invocations=9 (full 0):
 garbage-first heap   total 40960K, used 14317K [0x0000000703a00000, 0x0000000800000000)
  region size 2048K, 1 young (2048K), 1 survivors (2048K)
 Metaspace       used 33759K, committed 34048K, reserved 1114112K
  class space    used 4094K, committed 4224K, reserved 1048576K
}
Event: 11.334 GC heap before
{Heap before GC invocations=9 (full 0):
 garbage-first heap   total 40960K, used 22509K [0x0000000703a00000, 0x0000000800000000)
  region size 2048K, 6 young (12288K), 1 survivors (2048K)
 Metaspace       used 35829K, committed 36096K, reserved 1114112K
  class space    used 4364K, committed 4480K, reserved 1048576K
}
Event: 11.337 GC heap after
{Heap after GC invocations=10 (full 0):
 garbage-first heap   total 40960K, used 14854K [0x0000000703a00000, 0x0000000800000000)
  region size 2048K, 1 young (2048K), 1 survivors (2048K)
 Metaspace       used 35829K, committed 36096K, reserved 1114112K
  class space    used 4364K, committed 4480K, reserved 1048576K
}
Event: 12.223 GC heap before
{Heap before GC invocations=11 (full 0):
 garbage-first heap   total 40960K, used 29190K [0x0000000703a00000, 0x0000000800000000)
  region size 2048K, 8 young (16384K), 1 survivors (2048K)
 Metaspace       used 39586K, committed 39936K, reserved 1114112K
  class space    used 5059K, committed 5184K, reserved 1048576K
}
Event: 12.226 GC heap after
{Heap after GC invocations=12 (full 0):
 garbage-first heap   total 151552K, used 15419K [0x0000000703a00000, 0x0000000800000000)
  region size 2048K, 1 young (2048K), 1 survivors (2048K)
 Metaspace       used 39586K, committed 39936K, reserved 1114112K
  class space    used 5059K, committed 5184K, reserved 1048576K
}

